Command line:
   toplvl_isim_beh.exe
     -simmode  gui
     -simrunnum  0
     -socket  60447

Tue Mar 01 15:13:53 2016


 Elaboration Time: 1.79688 sec

 Current Memory Usage: 1043.62 Meg

 Total Signals          : 291
 Total Nets             : 590537
 Total Signal Drivers   : 102
 Total Blocks           : 21
 Total Primitive Blocks : 13
 Total Processes        : 73
 Total Traceable Variables  : 231
 Total Scalar Nets and Variables : 592017
Total Line Count : 416

 Total Simulation Time: 21.2344 sec

 Current Memory Usage: 887.116 Meg

Tue Mar 01 15:15:06 2016

