ISim log file
Running: C:\vhdl_stuff\exam1\vga_isim_beh.exe -intstyle ise -gui -tclbatch isim.cmd -wdb C:/vhdl_stuff/exam1/vga_isim_beh.wdb 
ISim P.20131013 (signature 0x8ef4fb42)
WARNING: A WEBPACK license was found.
WARNING: Please use Xilinx License Configuration Manager to check out a full ISim license.
WARNING: ISim will run in Lite mode. Please refer to the ISim documentation for more information on the differences between the Lite and the Full version.
This is a Lite version of ISim.
Time resolution is 1 ps
# onerror resume
# wave add /
# run 1000 ns
Simulator is doing circuit initialization process.
Finished circuit initialization process.
# isim force add /vga/clk 1 -radix bin -value 0 -radix bin -time 50 ns -repeat 100 ns
# isim force add /vga/clk 1 -radix bin -value 0 -radix bin -time 50 ns -repeat 100 ns
# run all
Stopped at time : 454530700 ns : File "C:/vhdl_stuff/exam1/vga.vhd" Line 74
ISim P.20131013 (signature 0x8ef4fb42)
WARNING: A WEBPACK license was found.
WARNING: Please use Xilinx License Configuration Manager to check out a full ISim license.
WARNING: ISim will run in Lite mode. Please refer to the ISim documentation for more information on the differences between the Lite and the Full version.
This is a Lite version of ISim.
# run 1000 ns
Simulator is doing circuit initialization process.
Finished circuit initialization process.
# restart
# isim force add /vga/clk 1 -radix bin -value 0 -radix bin -time 50 ns -repeat 100 ns
# isim force add /vga/clk 1 -radix bin -value 0 -radix bin -time 50 ns -repeat 100 ns
# run all
Simulator is doing circuit initialization process.
Finished circuit initialization process.
Stopped at time : 534704700 ns : File "C:/vhdl_stuff/exam1/vga.vhd" Line 83
ISim P.20131013 (signature 0x8ef4fb42)
WARNING: A WEBPACK license was found.
WARNING: Please use Xilinx License Configuration Manager to check out a full ISim license.
WARNING: ISim will run in Lite mode. Please refer to the ISim documentation for more information on the differences between the Lite and the Full version.
This is a Lite version of ISim.
# run 1000 ns
Simulator is doing circuit initialization process.
Finished circuit initialization process.
# run 1.00 ms
# isim force add /vga/clk 1 -radix bin -value 0 -radix bin -time 50 ns -repeat 100 ns
# isim force add /vga/clk 1 -radix bin -value 0 -radix bin -time 50 ns -repeat 100 ns
# run 1.00 ms
# run 1.00 ms
# run 1.00 s
