Release 14.7 - ngc2edif P.20131013 (nt64)
Copyright (c) 1995-2013 Xilinx, Inc.  All rights reserved.
Reading design toplvl.ngc ...
WARNING:NetListWriters:298 - No output is written to toplvl.xncf, ignored.
Processing design ...
   Preping design's networks ...
   Preping design's macros ...
  finished :Prep
Writing EDIF netlist file toplvl.edif ...
ngc2edif: Total memory usage is 87180 kilobytes

Release 14.7 - ngc2edif P.20131013 (nt64)
Copyright (c) 1995-2013 Xilinx, Inc.  All rights reserved.
Reading design my2port.ngc ...
WARNING:NetListWriters:298 - No output is written to my2port.xncf, ignored.
Processing design ...
   Preping design's networks ...
   Preping design's macros ...
  finished :Prep
Writing EDIF netlist file my2port.edif ...
ngc2edif: Total memory usage is 83640 kilobytes

