Command line:
   control_isim_beh.exe
     -simmode  gui
     -simrunnum  0
     -socket  55505

Thu Feb 25 12:22:27 2016


 Elaboration Time: 0.046875 sec

 Current Memory Usage: 843.256 Meg

 Total Signals          : 23
 Total Nets             : 97
 Total Signal Drivers   : 18
 Total Blocks           : 4
 Total Primitive Blocks : 4
 Total Processes        : 17
 Total Traceable Variables  : 10
 Total Scalar Nets and Variables : 475
Total Line Count : 54
Total Line Count : 54

 Total Simulation Time: 0.265625 sec

 Current Memory Usage: 686.756 Meg

Thu Feb 25 12:24:05 2016

